<?xml version="1.0" encoding="UTF-8"?>
<!-- Generated by org.testng.reporters.JUnitReportReporter -->
<testsuite hostname="DESKTOP-MOOK368" failures="0" tests="1" name="Test.TestClass" time="23.356" errors="0" timestamp="2022-10-06T20:22:00 IST" skipped="0">
  <testcase classname="Test.TestClass" name="Verifying" time="23.356"/>
  <system-out/>
</testsuite> <!-- Test.TestClass -->
